compile error
[ERROR] A Not allowed system call: runid:15273 CALLID:13
 TO FIX THIS , ask admin to add the CALLID into corresponding LANG_XXV[] located at okcalls32/64.h ,
and recompile judge_client. 
if you are admin and you don't know what to do ,
chinese explaination can be found on https://zhuanlan.zhihu.com/p/24498599

[ERROR] A Not allowed system call: runid:15273 CALLID:13
 TO FIX THIS , ask admin to add the CALLID into corresponding LANG_XXV[] located at okcalls32/64.h ,
and recompile judge_client. 
if you are admin and you don't know what to do ,
chinese explaination can be found on https://zhuanlan.zhihu.com/p/24498599

[ERROR] A Not allowed system call: runid:15273 CALLID:13
 TO FIX THIS , ask admin to add the CALLID into corresponding LANG_XXV[] located at okcalls32/64.h ,
and recompile judge_client. 
if you are admin and you don't know what to do ,
chinese explaination can be found on https://zhuanlan.zhihu.com/p/24498599

[ERROR] A Not allowed system call: runid:15273 CALLID:13
 TO FIX THIS , ask admin to add the CALLID into corresponding LANG_XXV[] located at okcalls32/64.h ,
and recompile judge_client. 
if you are admin and you don't know what to do ,
chinese explaination can be found on https://zhuanlan.zhihu.com/p/24498599

[ERROR] A Not allowed system call: runid:15273 CALLID:13
 TO FIX THIS , ask admin to add the CALLID into corresponding LANG_XXV[] located at okcalls32/64.h ,
and recompile judge_client. 
if you are admin and you don't know what to do ,
chinese explaination can be found on https://zhuanlan.zhihu.com/p/24498599

[ERROR] A Not allowed system call: runid:15273 CALLID:13
 TO FIX THIS , ask admin to add the CALLID into corresponding LANG_XXV[] located at okcalls32/64.h ,
and recompile judge_client. 
if you are admin and you don't know what to do ,
chinese explaination can be found on https://zhuanlan.zhihu.com/p/24498599

[ERROR] A Not allowed system call: runid:15273 CALLID:13
 TO FIX THIS , ask admin to add the CALLID into corresponding LANG_XXV[] located at okcalls32/64.h ,
and recompile judge_client. 
if you are admin and you don't know what to do ,
chinese explaination can be found on https://zhuanlan.zhihu.com/p/24498599

[ERROR] A Not allowed system call: runid:15273 CALLID:13
 TO FIX THIS , ask admin to add the CALLID into corresponding LANG_XXV[] located at okcalls32/64.h ,
and recompile judge_client. 
if you are admin and you don't know what to do ,
chinese explaination can be found on https://zhuanlan.zhihu.com/p/24498599

[ERROR] A Not allowed system call: runid:15273 CALLID:13
 TO FIX THIS , ask admin to add the CALLID into corresponding LANG_XXV[] located at okcalls32/64.h ,
and recompile judge_client. 
if you are admin and you don't know what to do ,
chinese explaination can be found on https://zhuanlan.zhihu.com/p/24498599

[ERROR] A Not allowed system call: runid:15273 CALLID:13
 TO FIX THIS , ask admin to add the CALLID into corresponding LANG_XXV[] located at okcalls32/64.h ,
and recompile judge_client. 
if you are admin and you don't know what to do ,
chinese explaination can be found on https://zhuanlan.zhihu.com/p/24498599

[ERROR] A Not allowed system call: runid:15273 CALLID:13
 TO FIX THIS , ask admin to add the CALLID into corresponding LANG_XXV[] located at okcalls32/64.h ,
and recompile judge_client. 
if you are admin and you don't know what to do ,
chinese explaination can be found on https://zhuanlan.zhihu.com/p/24498599

[ERROR] A Not allowed system call: runid:15273 CALLID:13
 TO FIX THIS , ask admin to add the CALLID into corresponding LANG_XXV[] located at okcalls32/64.h ,
and recompile judge_client. 
if you are admin and you don't know what to do ,
chinese explaination can be found on https://zhuanlan.zhihu.com/p/24498599

[ERROR] A Not allowed system call: runid:15274 CALLID:13
 TO FIX THIS , ask admin to add the CALLID into corresponding LANG_XXV[] located at okcalls32/64.h ,
and recompile judge_client. 
if you are admin and you don't know what to do ,
chinese explaination can be found on https://zhuanlan.zhihu.com/p/24498599

[ERROR] A Not allowed system call: runid:15274 CALLID:13
 TO FIX THIS , ask admin to add the CALLID into corresponding LANG_XXV[] located at okcalls32/64.h ,
and recompile judge_client. 
if you are admin and you don't know what to do ,
chinese explaination can be found on https://zhuanlan.zhihu.com/p/24498599

[ERROR] A Not allowed system call: runid:15274 CALLID:13
 TO FIX THIS , ask admin to add the CALLID into corresponding LANG_XXV[] located at okcalls32/64.h ,
and recompile judge_client. 
if you are admin and you don't know what to do ,
chinese explaination can be found on https://zhuanlan.zhihu.com/p/24498599

[ERROR] A Not allowed system call: runid:15274 CALLID:13
 TO FIX THIS , ask admin to add the CALLID into corresponding LANG_XXV[] located at okcalls32/64.h ,
and recompile judge_client. 
if you are admin and you don't know what to do ,
chinese explaination can be found on https://zhuanlan.zhihu.com/p/24498599

[ERROR] A Not allowed system call: runid:15274 CALLID:13
 TO FIX THIS , ask admin to add the CALLID into corresponding LANG_XXV[] located at okcalls32/64.h ,
and recompile judge_client. 
if you are admin and you don't know what to do ,
chinese explaination can be found on https://zhuanlan.zhihu.com/p/24498599

[ERROR] A Not allowed system call: runid:15274 CALLID:13
 TO FIX THIS , ask admin to add the CALLID into corresponding LANG_XXV[] located at okcalls32/64.h ,
and recompile judge_client. 
if you are admin and you don't know what to do ,
chinese explaination can be found on https://zhuanlan.zhihu.com/p/24498599

[ERROR] A Not allowed system call: runid:15274 CALLID:13
 TO FIX THIS , ask admin to add the CALLID into corresponding LANG_XXV[] located at okcalls32/64.h ,
and recompile judge_client. 
if you are admin and you don't know what to do ,
chinese explaination can be found on https://zhuanlan.zhihu.com/p/24498599

[ERROR] A Not allowed system call: runid:15274 CALLID:13
 TO FIX THIS , ask admin to add the CALLID into corresponding LANG_XXV[] located at okcalls32/64.h ,
and recompile judge_client. 
if you are admin and you don't know what to do ,
chinese explaination can be found on https://zhuanlan.zhihu.com/p/24498599

[ERROR] A Not allowed system call: runid:15274 CALLID:13
 TO FIX THIS , ask admin to add the CALLID into corresponding LANG_XXV[] located at okcalls32/64.h ,
and recompile judge_client. 
if you are admin and you don't know what to do ,
chinese explaination can be found on https://zhuanlan.zhihu.com/p/24498599

[ERROR] A Not allowed system call: runid:15274 CALLID:13
 TO FIX THIS , ask admin to add the CALLID into corresponding LANG_XXV[] located at okcalls32/64.h ,
and recompile judge_client. 
if you are admin and you don't know what to do ,
chinese explaination can be found on https://zhuanlan.zhihu.com/p/24498599

[ERROR] A Not allowed system call: runid:15274 CALLID:13
 TO FIX THIS , ask admin to add the CALLID into corresponding LANG_XXV[] located at okcalls32/64.h ,
and recompile judge_client. 
if you are admin and you don't know what to do ,
chinese explaination can be found on https://zhuanlan.zhihu.com/p/24498599

[ERROR] A Not allowed system call: runid:15274 CALLID:13
 TO FIX THIS , ask admin to add the CALLID into corresponding LANG_XXV[] located at okcalls32/64.h ,
and recompile judge_client. 
if you are admin and you don't know what to do ,
chinese explaination can be found on https://zhuanlan.zhihu.com/p/24498599

[ERROR] A Not allowed system call: runid:15275 CALLID:13
 TO FIX THIS , ask admin to add the CALLID into corresponding LANG_XXV[] located at okcalls32/64.h ,
and recompile judge_client. 
if you are admin and you don't know what to do ,
chinese explaination can be found on https://zhuanlan.zhihu.com/p/24498599

[ERROR] A Not allowed system call: runid:15275 CALLID:13
 TO FIX THIS , ask admin to add the CALLID into corresponding LANG_XXV[] located at okcalls32/64.h ,
and recompile judge_client. 
if you are admin and you don't know what to do ,
chinese explaination can be found on https://zhuanlan.zhihu.com/p/24498599

[ERROR] A Not allowed system call: runid:15275 CALLID:13
 TO FIX THIS , ask admin to add the CALLID into corresponding LANG_XXV[] located at okcalls32/64.h ,
and recompile judge_client. 
if you are admin and you don't know what to do ,
chinese explaination can be found on https://zhuanlan.zhihu.com/p/24498599

[ERROR] A Not allowed system call: runid:15275 CALLID:13
 TO FIX THIS , ask admin to add the CALLID into corresponding LANG_XXV[] located at okcalls32/64.h ,
and recompile judge_client. 
if you are admin and you don't know what to do ,
chinese explaination can be found on https://zhuanlan.zhihu.com/p/24498599

[ERROR] A Not allowed system call: runid:15275 CALLID:13
 TO FIX THIS , ask admin to add the CALLID into corresponding LANG_XXV[] located at okcalls32/64.h ,
and recompile judge_client. 
if you are admin and you don't know what to do ,
chinese explaination can be found on https://zhuanlan.zhihu.com/p/24498599

[ERROR] A Not allowed system call: runid:15275 CALLID:13
 TO FIX THIS , ask admin to add the CALLID into corresponding LANG_XXV[] located at okcalls32/64.h ,
and recompile judge_client. 
if you are admin and you don't know what to do ,
chinese explaination can be found on https://zhuanlan.zhihu.com/p/24498599

[ERROR] A Not allowed system call: runid:15275 CALLID:13
 TO FIX THIS , ask admin to add the CALLID into corresponding LANG_XXV[] located at okcalls32/64.h ,
and recompile judge_client. 
if you are admin and you don't know what to do ,
chinese explaination can be found on https://zhuanlan.zhihu.com/p/24498599

[ERROR] A Not allowed system call: runid:15275 CALLID:13
 TO FIX THIS , ask admin to add the CALLID into corresponding LANG_XXV[] located at okcalls32/64.h ,
and recompile judge_client. 
if you are admin and you don't know what to do ,
chinese explaination can be found on https://zhuanlan.zhihu.com/p/24498599

[ERROR] A Not allowed system call: runid:15275 CALLID:13
 TO FIX THIS , ask admin to add the CALLID into corresponding LANG_XXV[] located at okcalls32/64.h ,
and recompile judge_client. 
if you are admin and you don't know what to do ,
chinese explaination can be found on https://zhuanlan.zhihu.com/p/24498599

[ERROR] A Not allowed system call: runid:15275 CALLID:13
 TO FIX THIS , ask admin to add the CALLID into corresponding LANG_XXV[] located at okcalls32/64.h ,
and recompile judge_client. 
if you are admin and you don't know what to do ,
chinese explaination can be found on https://zhuanlan.zhihu.com/p/24498599

[ERROR] A Not allowed system call: runid:15275 CALLID:13
 TO FIX THIS , ask admin to add the CALLID into corresponding LANG_XXV[] located at okcalls32/64.h ,
and recompile judge_client. 
if you are admin and you don't know what to do ,
chinese explaination can be found on https://zhuanlan.zhihu.com/p/24498599

[ERROR] A Not allowed system call: runid:15275 CALLID:13
 TO FIX THIS , ask admin to add the CALLID into corresponding LANG_XXV[] located at okcalls32/64.h ,
and recompile judge_client. 
if you are admin and you don't know what to do ,
chinese explaination can be found on https://zhuanlan.zhihu.com/p/24498599

[ERROR] A Not allowed system call: runid:15277 CALLID:13
 TO FIX THIS , ask admin to add the CALLID into corresponding LANG_XXV[] located at okcalls32/64.h ,
and recompile judge_client. 
if you are admin and you don't know what to do ,
chinese explaination can be found on https://zhuanlan.zhihu.com/p/24498599

[ERROR] A Not allowed system call: runid:15277 CALLID:13
 TO FIX THIS , ask admin to add the CALLID into corresponding LANG_XXV[] located at okcalls32/64.h ,
and recompile judge_client. 
if you are admin and you don't know what to do ,
chinese explaination can be found on https://zhuanlan.zhihu.com/p/24498599

[ERROR] A Not allowed system call: runid:15277 CALLID:13
 TO FIX THIS , ask admin to add the CALLID into corresponding LANG_XXV[] located at okcalls32/64.h ,
and recompile judge_client. 
if you are admin and you don't know what to do ,
chinese explaination can be found on https://zhuanlan.zhihu.com/p/24498599

[ERROR] A Not allowed system call: runid:15277 CALLID:13
 TO FIX THIS , ask admin to add the CALLID into corresponding LANG_XXV[] located at okcalls32/64.h ,
and recompile judge_client. 
if you are admin and you don't know what to do ,
chinese explaination can be found on https://zhuanlan.zhihu.com/p/24498599

[ERROR] A Not allowed system call: runid:15277 CALLID:13
 TO FIX THIS , ask admin to add the CALLID into corresponding LANG_XXV[] located at okcalls32/64.h ,
and recompile judge_client. 
if you are admin and you don't know what to do ,
chinese explaination can be found on https://zhuanlan.zhihu.com/p/24498599

[ERROR] A Not allowed system call: runid:15277 CALLID:13
 TO FIX THIS , ask admin to add the CALLID into corresponding LANG_XXV[] located at okcalls32/64.h ,
and recompile judge_client. 
if you are admin and you don't know what to do ,
chinese explaination can be found on https://zhuanlan.zhihu.com/p/24498599

[ERROR] A Not allowed system call: runid:15277 CALLID:13
 TO FIX THIS , ask admin to add the CALLID into corresponding LANG_XXV[] located at okcalls32/64.h ,
and recompile judge_client. 
if you are admin and you don't know what to do ,
chinese explaination can be found on https://zhuanlan.zhihu.com/p/24498599

[ERROR] A Not allowed system call: runid:15277 CALLID:13
 TO FIX THIS , ask admin to add the CALLID into corresponding LANG_XXV[] located at okcalls32/64.h ,
and recompile judge_client. 
if you are admin and you don't know what to do ,
chinese explaination can be found on https://zhuanlan.zhihu.com/p/24498599

[ERROR] A Not allowed system call: runid:15277 CALLID:13
 TO FIX THIS , ask admin to add the CALLID into corresponding LANG_XXV[] located at okcalls32/64.h ,
and recompile judge_client. 
if you are admin and you don't know what to do ,
chinese explaination can be found on https://zhuanlan.zhihu.com/p/24498599

[ERROR] A Not allowed system call: runid:15277 CALLID:13
 TO FIX THIS , ask admin to add the CALLID into corresponding LANG_XXV[] located at okcalls32/64.h ,
and recompile judge_client. 
if you are admin and you don't know what to do ,
chinese explaination can be found on https://zhuanlan.zhihu.com/p/24498599

[ERROR] A Not allowed system call: runid:15277 CALLID:13
 TO FIX THIS , ask admin to add the CALLID into corresponding LANG_XXV[] located at okcalls32/64.h ,
and recompile judge_client. 
if you are admin and you don't know what to do ,
chinese explaination can be found on https://zhuanlan.zhihu.com/p/24498599

[ERROR] A Not allowed system call: runid:15277 CALLID:13
 TO FIX THIS , ask admin to add the CALLID into corresponding LANG_XXV[] located at okcalls32/64.h ,
and recompile judge_client. 
if you are admin and you don't know what to do ,
chinese explaination can be found on https://zhuanlan.zhihu.com/p/24498599

[ERROR] A Not allowed system call: runid:15278 CALLID:13
 TO FIX THIS , ask admin to add the CALLID into corresponding LANG_XXV[] located at okcalls32/64.h ,
and recompile judge_client. 
if you are admin and you don't know what to do ,
chinese explaination can be found on https://zhuanlan.zhihu.com/p/24498599

[ERROR] A Not allowed system call: runid:15278 CALLID:13
 TO FIX THIS , ask admin to add the CALLID into corresponding LANG_XXV[] located at okcalls32/64.h ,
and recompile judge_client. 
if you are admin and you don't know what to do ,
chinese explaination can be found on https://zhuanlan.zhihu.com/p/24498599

[ERROR] A Not allowed system call: runid:15278 CALLID:13
 TO FIX THIS , ask admin to add the CALLID into corresponding LANG_XXV[] located at okcalls32/64.h ,
and recompile judge_client. 
if you are admin and you don't know what to do ,
chinese explaination can be found on https://zhuanlan.zhihu.com/p/24498599

[ERROR] A Not allowed system call: runid:15278 CALLID:13
 TO FIX THIS , ask admin to add the CALLID into corresponding LANG_XXV[] located at okcalls32/64.h ,
and recompile judge_client. 
if you are admin and you don't know what to do ,
chinese explaination can be found on https://zhuanlan.zhihu.com/p/24498599

[ERROR] A Not allowed system call: runid:15278 CALLID:13
 TO FIX THIS , ask admin to add the CALLID into corresponding LANG_XXV[] located at okcalls32/64.h ,
and recompile judge_client. 
if you are admin and you don't know what to do ,
chinese explaination can be found on https://zhuanlan.zhihu.com/p/24498599

[ERROR] A Not allowed system call: runid:15278 CALLID:13
 TO FIX THIS , ask admin to add the CALLID into corresponding LANG_XXV[] located at okcalls32/64.h ,
and recompile judge_client. 
if you are admin and you don't know what to do ,
chinese explaination can be found on https://zhuanlan.zhihu.com/p/24498599

[ERROR] A Not allowed system call: runid:15278 CALLID:13
 TO FIX THIS , ask admin to add the CALLID into corresponding LANG_XXV[] located at okcalls32/64.h ,
and recompile judge_client. 
if you are admin and you don't know what to do ,
chinese explaination can be found on https://zhuanlan.zhihu.com/p/24498599

[ERROR] A Not allowed system call: runid:15278 CALLID:13
 TO FIX THIS , ask admin to add the CALLID into corresponding LANG_XXV[] located at okcalls32/64.h ,
and recompile judge_client. 
if you are admin and you don't know what to do ,
chinese explaination can be found on https://zhuanlan.zhihu.com/p/24498599

[ERROR] A Not allowed system call: runid:15278 CALLID:13
 TO FIX THIS , ask admin to add the CALLID into corresponding LANG_XXV[] located at okcalls32/64.h ,
and recompile judge_client. 
if you are admin and you don't know what to do ,
chinese explaination can be found on https://zhuanlan.zhihu.com/p/24498599

[ERROR] A Not allowed system call: runid:15278 CALLID:13
 TO FIX THIS , ask admin to add the CALLID into corresponding LANG_XXV[] located at okcalls32/64.h ,
and recompile judge_client. 
if you are admin and you don't know what to do ,
chinese explaination can be found on https://zhuanlan.zhihu.com/p/24498599

[ERROR] A Not allowed system call: runid:15278 CALLID:13
 TO FIX THIS , ask admin to add the CALLID into corresponding LANG_XXV[] located at okcalls32/64.h ,
and recompile judge_client. 
if you are admin and you don't know what to do ,
chinese explaination can be found on https://zhuanlan.zhihu.com/p/24498599

[ERROR] A Not allowed system call: runid:15278 CALLID:13
 TO FIX THIS , ask admin to add the CALLID into corresponding LANG_XXV[] located at okcalls32/64.h ,
and recompile judge_client. 
if you are admin and you don't know what to do ,
chinese explaination can be found on https://zhuanlan.zhihu.com/p/24498599

[ERROR] A Not allowed system call: runid:15279 CALLID:13
 TO FIX THIS , ask admin to add the CALLID into corresponding LANG_XXV[] located at okcalls32/64.h ,
and recompile judge_client. 
if you are admin and you don't know what to do ,
chinese explaination can be found on https://zhuanlan.zhihu.com/p/24498599

[ERROR] A Not allowed system call: runid:15279 CALLID:13
 TO FIX THIS , ask admin to add the CALLID into corresponding LANG_XXV[] located at okcalls32/64.h ,
and recompile judge_client. 
if you are admin and you don't know what to do ,
chinese explaination can be found on https://zhuanlan.zhihu.com/p/24498599

[ERROR] A Not allowed system call: runid:15279 CALLID:13
 TO FIX THIS , ask admin to add the CALLID into corresponding LANG_XXV[] located at okcalls32/64.h ,
and recompile judge_client. 
if you are admin and you don't know what to do ,
chinese explaination can be found on https://zhuanlan.zhihu.com/p/24498599

[ERROR] A Not allowed system call: runid:15279 CALLID:13
 TO FIX THIS , ask admin to add the CALLID into corresponding LANG_XXV[] located at okcalls32/64.h ,
and recompile judge_client. 
if you are admin and you don't know what to do ,
chinese explaination can be found on https://zhuanlan.zhihu.com/p/24498599

[ERROR] A Not allowed system call: runid:15279 CALLID:13
 TO FIX THIS , ask admin to add the CALLID into corresponding LANG_XXV[] located at okcalls32/64.h ,
and recompile judge_client. 
if you are admin and you don't know what to do ,
chinese explaination can be found on https://zhuanlan.zhihu.com/p/24498599

[ERROR] A Not allowed system call: runid:15279 CALLID:13
 TO FIX THIS , ask admin to add the CALLID into corresponding LANG_XXV[] located at okcalls32/64.h ,
and recompile judge_client. 
if you are admin and you don't know what to do ,
chinese explaination can be found on https://zhuanlan.zhihu.com/p/24498599

[ERROR] A Not allowed system call: runid:15279 CALLID:13
 TO FIX THIS , ask admin to add the CALLID into corresponding LANG_XXV[] located at okcalls32/64.h ,
and recompile judge_client. 
if you are admin and you don't know what to do ,
chinese explaination can be found on https://zhuanlan.zhihu.com/p/24498599

[ERROR] A Not allowed system call: runid:15279 CALLID:13
 TO FIX THIS , ask admin to add the CALLID into corresponding LANG_XXV[] located at okcalls32/64.h ,
and recompile judge_client. 
if you are admin and you don't know what to do ,
chinese explaination can be found on https://zhuanlan.zhihu.com/p/24498599

[ERROR] A Not allowed system call: runid:15279 CALLID:13
 TO FIX THIS , ask admin to add the CALLID into corresponding LANG_XXV[] located at okcalls32/64.h ,
and recompile judge_client. 
if you are admin and you don't know what to do ,
chinese explaination can be found on https://zhuanlan.zhihu.com/p/24498599

[ERROR] A Not allowed system call: runid:15279 CALLID:13
 TO FIX THIS , ask admin to add the CALLID into corresponding LANG_XXV[] located at okcalls32/64.h ,
and recompile judge_client. 
if you are admin and you don't know what to do ,
chinese explaination can be found on https://zhuanlan.zhihu.com/p/24498599

[ERROR] A Not allowed system call: runid:15279 CALLID:13
 TO FIX THIS , ask admin to add the CALLID into corresponding LANG_XXV[] located at okcalls32/64.h ,
and recompile judge_client. 
if you are admin and you don't know what to do ,
chinese explaination can be found on https://zhuanlan.zhihu.com/p/24498599

[ERROR] A Not allowed system call: runid:15279 CALLID:13
 TO FIX THIS , ask admin to add the CALLID into corresponding LANG_XXV[] located at okcalls32/64.h ,
and recompile judge_client. 
if you are admin and you don't know what to do ,
chinese explaination can be found on https://zhuanlan.zhihu.com/p/24498599

[ERROR] A Not allowed system call: runid:15284 CALLID:13
 TO FIX THIS , ask admin to add the CALLID into corresponding LANG_XXV[] located at okcalls32/64.h ,
and recompile judge_client. 
if you are admin and you don't know what to do ,
chinese explaination can be found on https://zhuanlan.zhihu.com/p/24498599

[ERROR] A Not allowed system call: runid:15284 CALLID:13
 TO FIX THIS , ask admin to add the CALLID into corresponding LANG_XXV[] located at okcalls32/64.h ,
and recompile judge_client. 
if you are admin and you don't know what to do ,
chinese explaination can be found on https://zhuanlan.zhihu.com/p/24498599

[ERROR] A Not allowed system call: runid:15284 CALLID:13
 TO FIX THIS , ask admin to add the CALLID into corresponding LANG_XXV[] located at okcalls32/64.h ,
and recompile judge_client. 
if you are admin and you don't know what to do ,
chinese explaination can be found on https://zhuanlan.zhihu.com/p/24498599

[ERROR] A Not allowed system call: runid:15284 CALLID:13
 TO FIX THIS , ask admin to add the CALLID into corresponding LANG_XXV[] located at okcalls32/64.h ,
and recompile judge_client. 
if you are admin and you don't know what to do ,
chinese explaination can be found on https://zhuanlan.zhihu.com/p/24498599

[ERROR] A Not allowed system call: runid:15284 CALLID:13
 TO FIX THIS , ask admin to add the CALLID into corresponding LANG_XXV[] located at okcalls32/64.h ,
and recompile judge_client. 
if you are admin and you don't know what to do ,
chinese explaination can be found on https://zhuanlan.zhihu.com/p/24498599

[ERROR] A Not allowed system call: runid:15284 CALLID:13
 TO FIX THIS , ask admin to add the CALLID into corresponding LANG_XXV[] located at okcalls32/64.h ,
and recompile judge_client. 
if you are admin and you don't know what to do ,
chinese explaination can be found on https://zhuanlan.zhihu.com/p/24498599

[ERROR] A Not allowed system call: runid:15284 CALLID:13
 TO FIX THIS , ask admin to add the CALLID into corresponding LANG_XXV[] located at okcalls32/64.h ,
and recompile judge_client. 
if you are admin and you don't know what to do ,
chinese explaination can be found on https://zhuanlan.zhihu.com/p/24498599

[ERROR] A Not allowed system call: runid:15284 CALLID:13
 TO FIX THIS , ask admin to add the CALLID into corresponding LANG_XXV[] located at okcalls32/64.h ,
and recompile judge_client. 
if you are admin and you don't know what to do ,
chinese explaination can be found on https://zhuanlan.zhihu.com/p/24498599

[ERROR] A Not allowed system call: runid:15284 CALLID:13
 TO FIX THIS , ask admin to add the CALLID into corresponding LANG_XXV[] located at okcalls32/64.h ,
and recompile judge_client. 
if you are admin and you don't know what to do ,
chinese explaination can be found on https://zhuanlan.zhihu.com/p/24498599

[ERROR] A Not allowed system call: runid:15284 CALLID:13
 TO FIX THIS , ask admin to add the CALLID into corresponding LANG_XXV[] located at okcalls32/64.h ,
and recompile judge_client. 
if you are admin and you don't know what to do ,
chinese explaination can be found on https://zhuanlan.zhihu.com/p/24498599

[ERROR] A Not allowed system call: runid:15284 CALLID:13
 TO FIX THIS , ask admin to add the CALLID into corresponding LANG_XXV[] located at okcalls32/64.h ,
and recompile judge_client. 
if you are admin and you don't know what to do ,
chinese explaination can be found on https://zhuanlan.zhihu.com/p/24498599

[ERROR] A Not allowed system call: runid:15284 CALLID:13
 TO FIX THIS , ask admin to add the CALLID into corresponding LANG_XXV[] located at okcalls32/64.h ,
and recompile judge_client. 
if you are admin and you don't know what to do ,
chinese explaination can be found on https://zhuanlan.zhihu.com/p/24498599

[ERROR] A Not allowed system call: runid:15287 CALLID:13
 TO FIX THIS , ask admin to add the CALLID into corresponding LANG_XXV[] located at okcalls32/64.h ,
and recompile judge_client. 
if you are admin and you don't know what to do ,
chinese explaination can be found on https://zhuanlan.zhihu.com/p/24498599

[ERROR] A Not allowed system call: runid:15287 CALLID:13
 TO FIX THIS , ask admin to add the CALLID into corresponding LANG_XXV[] located at okcalls32/64.h ,
and recompile judge_client. 
if you are admin and you don't know what to do ,
chinese explaination can be found on https://zhuanlan.zhihu.com/p/24498599

[ERROR] A Not allowed system call: runid:15287 CALLID:13
 TO FIX THIS , ask admin to add the CALLID into corresponding LANG_XXV[] located at okcalls32/64.h ,
and recompile judge_client. 
if you are admin and you don't know what to do ,
chinese explaination can be found on https://zhuanlan.zhihu.com/p/24498599

[ERROR] A Not allowed system call: runid:15287 CALLID:13
 TO FIX THIS , ask admin to add the CALLID into corresponding LANG_XXV[] located at okcalls32/64.h ,
and recompile judge_client. 
if you are admin and you don't know what to do ,
chinese explaination can be found on https://zhuanlan.zhihu.com/p/24498599

[ERROR] A Not allowed system call: runid:15287 CALLID:13
 TO FIX THIS , ask admin to add the CALLID into corresponding LANG_XXV[] located at okcalls32/64.h ,
and recompile judge_client. 
if you are admin and you don't know what to do ,
chinese explaination can be found on https://zhuanlan.zhihu.com/p/24498599

[ERROR] A Not allowed system call: runid:15287 CALLID:13
 TO FIX THIS , ask admin to add the CALLID into corresponding LANG_XXV[] located at okcalls32/64.h ,
and recompile judge_client. 
if you are admin and you don't know what to do ,
chinese explaination can be found on https://zhuanlan.zhihu.com/p/24498599

[ERROR] A Not allowed system call: runid:15287 CALLID:13
 TO FIX THIS , ask admin to add the CALLID into corresponding LANG_XXV[] located at okcalls32/64.h ,
and recompile judge_client. 
if you are admin and you don't know what to do ,
chinese explaination can be found on https://zhuanlan.zhihu.com/p/24498599

[ERROR] A Not allowed system call: runid:15287 CALLID:13
 TO FIX THIS , ask admin to add the CALLID into corresponding LANG_XXV[] located at okcalls32/64.h ,
and recompile judge_client. 
if you are admin and you don't know what to do ,
chinese explaination can be found on https://zhuanlan.zhihu.com/p/24498599

[ERROR] A Not allowed system call: runid:15287 CALLID:13
 TO FIX THIS , ask admin to add the CALLID into corresponding LANG_XXV[] located at okcalls32/64.h ,
and recompile judge_client. 
if you are admin and you don't know what to do ,
chinese explaination can be found on https://zhuanlan.zhihu.com/p/24498599

[ERROR] A Not allowed system call: runid:15287 CALLID:13
 TO FIX THIS , ask admin to add the CALLID into corresponding LANG_XXV[] located at okcalls32/64.h ,
and recompile judge_client. 
if you are admin and you don't know what to do ,
chinese explaination can be found on https://zhuanlan.zhihu.com/p/24498599

[ERROR] A Not allowed system call: runid:15287 CALLID:13
 TO FIX THIS , ask admin to add the CALLID into corresponding LANG_XXV[] located at okcalls32/64.h ,
and recompile judge_client. 
if you are admin and you don't know what to do ,
chinese explaination can be found on https://zhuanlan.zhihu.com/p/24498599

[ERROR] A Not allowed system call: runid:15287 CALLID:13
 TO FIX THIS , ask admin to add the CALLID into corresponding LANG_XXV[] located at okcalls32/64.h ,
and recompile judge_client. 
if you are admin and you don't know what to do ,
chinese explaination can be found on https://zhuanlan.zhihu.com/p/24498599

[ERROR] A Not allowed system call: runid:15288 CALLID:14 [133]
 TO FIX THIS , ask admin to add the CALLID into corresponding LANG_XXV[] located at okcalls32/64.h ,
and recompile judge_client. 
if you are admin and you don't know what to do ,
chinese explaination can be found on https://zhuanlan.zhihu.com/p/24498599

[ERROR] A Not allowed system call: runid:15288 CALLID:14 [5]
 TO FIX THIS , ask admin to add the CALLID into corresponding LANG_XXV[] located at okcalls32/64.h ,
and recompile judge_client. 
if you are admin and you don't know what to do ,
chinese explaination can be found on https://zhuanlan.zhihu.com/p/24498599

[ERROR] A Not allowed system call: runid:15288 CALLID:14 [133]
 TO FIX THIS , ask admin to add the CALLID into corresponding LANG_XXV[] located at okcalls32/64.h ,
and recompile judge_client. 
if you are admin and you don't know what to do ,
chinese explaination can be found on https://zhuanlan.zhihu.com/p/24498599

[ERROR] A Not allowed system call: runid:15288 CALLID:14 [5]
 TO FIX THIS , ask admin to add the CALLID into corresponding LANG_XXV[] located at okcalls32/64.h ,
and recompile judge_client. 
if you are admin and you don't know what to do ,
chinese explaination can be found on https://zhuanlan.zhihu.com/p/24498599

[ERROR] A Not allowed system call: runid:15288 CALLID:14 [133]
 TO FIX THIS , ask admin to add the CALLID into corresponding LANG_XXV[] located at okcalls32/64.h ,
and recompile judge_client. 
if you are admin and you don't know what to do ,
chinese explaination can be found on https://zhuanlan.zhihu.com/p/24498599

[ERROR] A Not allowed system call: runid:15288 CALLID:14 [5]
 TO FIX THIS , ask admin to add the CALLID into corresponding LANG_XXV[] located at okcalls32/64.h ,
and recompile judge_client. 
if you are admin and you don't know what to do ,
chinese explaination can be found on https://zhuanlan.zhihu.com/p/24498599

[ERROR] A Not allowed system call: runid:15288 CALLID:14 [133]
 TO FIX THIS , ask admin to add the CALLID into corresponding LANG_XXV[] located at okcalls32/64.h ,
and recompile judge_client. 
if you are admin and you don't know what to do ,
chinese explaination can be found on https://zhuanlan.zhihu.com/p/24498599

[ERROR] A Not allowed system call: runid:15288 CALLID:14 [5]
 TO FIX THIS , ask admin to add the CALLID into corresponding LANG_XXV[] located at okcalls32/64.h ,
and recompile judge_client. 
if you are admin and you don't know what to do ,
chinese explaination can be found on https://zhuanlan.zhihu.com/p/24498599

[ERROR] A Not allowed system call: runid:15288 CALLID:14 [133]
 TO FIX THIS , ask admin to add the CALLID into corresponding LANG_XXV[] located at okcalls32/64.h ,
and recompile judge_client. 
if you are admin and you don't know what to do ,
chinese explaination can be found on https://zhuanlan.zhihu.com/p/24498599

[ERROR] A Not allowed system call: runid:15288 CALLID:14 [5]
 TO FIX THIS , ask admin to add the CALLID into corresponding LANG_XXV[] located at okcalls32/64.h ,
and recompile judge_client. 
if you are admin and you don't know what to do ,
chinese explaination can be found on https://zhuanlan.zhihu.com/p/24498599

[ERROR] A Not allowed system call: runid:15288 CALLID:14 [133]
 TO FIX THIS , ask admin to add the CALLID into corresponding LANG_XXV[] located at okcalls32/64.h ,
and recompile judge_client. 
if you are admin and you don't know what to do ,
chinese explaination can be found on https://zhuanlan.zhihu.com/p/24498599

[ERROR] A Not allowed system call: runid:15288 CALLID:14 [5]
 TO FIX THIS , ask admin to add the CALLID into corresponding LANG_XXV[] located at okcalls32/64.h ,
and recompile judge_client. 
if you are admin and you don't know what to do ,
chinese explaination can be found on https://zhuanlan.zhihu.com/p/24498599

[ERROR] A Not allowed system call: runid:15289 CALLID:56 [133]
 TO FIX THIS , ask admin to add the CALLID into corresponding LANG_XXV[] located at okcalls32/64.h ,
and recompile judge_client. 
if you are admin and you don't know what to do ,
chinese explaination can be found on https://zhuanlan.zhihu.com/p/24498599

[ERROR] A Not allowed system call: runid:15289 CALLID:56 [5]
 TO FIX THIS , ask admin to add the CALLID into corresponding LANG_XXV[] located at okcalls32/64.h ,
and recompile judge_client. 
if you are admin and you don't know what to do ,
chinese explaination can be found on https://zhuanlan.zhihu.com/p/24498599

[ERROR] A Not allowed system call: runid:15289 CALLID:56 [133]
 TO FIX THIS , ask admin to add the CALLID into corresponding LANG_XXV[] located at okcalls32/64.h ,
and recompile judge_client. 
if you are admin and you don't know what to do ,
chinese explaination can be found on https://zhuanlan.zhihu.com/p/24498599

[ERROR] A Not allowed system call: runid:15289 CALLID:56 [5]
 TO FIX THIS , ask admin to add the CALLID into corresponding LANG_XXV[] located at okcalls32/64.h ,
and recompile judge_client. 
if you are admin and you don't know what to do ,
chinese explaination can be found on https://zhuanlan.zhihu.com/p/24498599

[ERROR] A Not allowed system call: runid:15289 CALLID:56 [133]
 TO FIX THIS , ask admin to add the CALLID into corresponding LANG_XXV[] located at okcalls32/64.h ,
and recompile judge_client. 
if you are admin and you don't know what to do ,
chinese explaination can be found on https://zhuanlan.zhihu.com/p/24498599

[ERROR] A Not allowed system call: runid:15289 CALLID:56 [5]
 TO FIX THIS , ask admin to add the CALLID into corresponding LANG_XXV[] located at okcalls32/64.h ,
and recompile judge_client. 
if you are admin and you don't know what to do ,
chinese explaination can be found on https://zhuanlan.zhihu.com/p/24498599

[ERROR] A Not allowed system call: runid:15289 CALLID:56 [133]
 TO FIX THIS , ask admin to add the CALLID into corresponding LANG_XXV[] located at okcalls32/64.h ,
and recompile judge_client. 
if you are admin and you don't know what to do ,
chinese explaination can be found on https://zhuanlan.zhihu.com/p/24498599

[ERROR] A Not allowed system call: runid:15289 CALLID:56 [5]
 TO FIX THIS , ask admin to add the CALLID into corresponding LANG_XXV[] located at okcalls32/64.h ,
and recompile judge_client. 
if you are admin and you don't know what to do ,
chinese explaination can be found on https://zhuanlan.zhihu.com/p/24498599

[ERROR] A Not allowed system call: runid:15289 CALLID:56 [133]
 TO FIX THIS , ask admin to add the CALLID into corresponding LANG_XXV[] located at okcalls32/64.h ,
and recompile judge_client. 
if you are admin and you don't know what to do ,
chinese explaination can be found on https://zhuanlan.zhihu.com/p/24498599

[ERROR] A Not allowed system call: runid:15289 CALLID:56 [5]
 TO FIX THIS , ask admin to add the CALLID into corresponding LANG_XXV[] located at okcalls32/64.h ,
and recompile judge_client. 
if you are admin and you don't know what to do ,
chinese explaination can be found on https://zhuanlan.zhihu.com/p/24498599

[ERROR] A Not allowed system call: runid:15289 CALLID:56 [133]
 TO FIX THIS , ask admin to add the CALLID into corresponding LANG_XXV[] located at okcalls32/64.h ,
and recompile judge_client. 
if you are admin and you don't know what to do ,
chinese explaination can be found on https://zhuanlan.zhihu.com/p/24498599

[ERROR] A Not allowed system call: runid:15289 CALLID:56 [5]
 TO FIX THIS , ask admin to add the CALLID into corresponding LANG_XXV[] located at okcalls32/64.h ,
and recompile judge_client. 
if you are admin and you don't know what to do ,
chinese explaination can be found on https://zhuanlan.zhihu.com/p/24498599

compile error
compile error
compile error
compile error
compile error
compile error
compile error
compile error
compile error
compile error
compile error
compile error
compile error
compile error
compile error
compile error
compile error
compile error
compile error
compile error
compile error
compile error
compile error
compile error
compile error
compile error
compile error
compile error
compile error
compile error
compile error
compile error
compile error
compile error
compile error
compile error
compile error
compile error
compile error
compile error
compile error
compile error
compile error
compile error
compile error
compile error
compile error
[ERROR] A Not allowed system call: runid:15977 CALLID:186 [133]
 TO FIX THIS , ask admin to add the CALLID into corresponding LANG_XXV[] located at okcalls32/64.h ,
and recompile judge_client. 
if you are admin and you don't know what to do ,
chinese explaination can be found on https://zhuanlan.zhihu.com/p/24498599

[ERROR] A Not allowed system call: runid:15977 CALLID:186 [5]
 TO FIX THIS , ask admin to add the CALLID into corresponding LANG_XXV[] located at okcalls32/64.h ,
and recompile judge_client. 
if you are admin and you don't know what to do ,
chinese explaination can be found on https://zhuanlan.zhihu.com/p/24498599

[ERROR] A Not allowed system call: runid:15977 CALLID:186 [133]
 TO FIX THIS , ask admin to add the CALLID into corresponding LANG_XXV[] located at okcalls32/64.h ,
and recompile judge_client. 
if you are admin and you don't know what to do ,
chinese explaination can be found on https://zhuanlan.zhihu.com/p/24498599

[ERROR] A Not allowed system call: runid:15977 CALLID:186 [5]
 TO FIX THIS , ask admin to add the CALLID into corresponding LANG_XXV[] located at okcalls32/64.h ,
and recompile judge_client. 
if you are admin and you don't know what to do ,
chinese explaination can be found on https://zhuanlan.zhihu.com/p/24498599

compile error
[ERROR] A Not allowed system call: runid:15985 CALLID:186 [133]
 TO FIX THIS , ask admin to add the CALLID into corresponding LANG_XXV[] located at okcalls32/64.h ,
and recompile judge_client. 
if you are admin and you don't know what to do ,
chinese explaination can be found on https://zhuanlan.zhihu.com/p/24498599

[ERROR] A Not allowed system call: runid:15985 CALLID:186 [5]
 TO FIX THIS , ask admin to add the CALLID into corresponding LANG_XXV[] located at okcalls32/64.h ,
and recompile judge_client. 
if you are admin and you don't know what to do ,
chinese explaination can be found on https://zhuanlan.zhihu.com/p/24498599

[ERROR] A Not allowed system call: runid:15985 CALLID:186 [133]
 TO FIX THIS , ask admin to add the CALLID into corresponding LANG_XXV[] located at okcalls32/64.h ,
and recompile judge_client. 
if you are admin and you don't know what to do ,
chinese explaination can be found on https://zhuanlan.zhihu.com/p/24498599

[ERROR] A Not allowed system call: runid:15985 CALLID:186 [5]
 TO FIX THIS , ask admin to add the CALLID into corresponding LANG_XXV[] located at okcalls32/64.h ,
and recompile judge_client. 
if you are admin and you don't know what to do ,
chinese explaination can be found on https://zhuanlan.zhihu.com/p/24498599

[ERROR] A Not allowed system call: runid:15989 CALLID:186 [133]
 TO FIX THIS , ask admin to add the CALLID into corresponding LANG_XXV[] located at okcalls32/64.h ,
and recompile judge_client. 
if you are admin and you don't know what to do ,
chinese explaination can be found on https://zhuanlan.zhihu.com/p/24498599

[ERROR] A Not allowed system call: runid:15989 CALLID:186 [5]
 TO FIX THIS , ask admin to add the CALLID into corresponding LANG_XXV[] located at okcalls32/64.h ,
and recompile judge_client. 
if you are admin and you don't know what to do ,
chinese explaination can be found on https://zhuanlan.zhihu.com/p/24498599

[ERROR] A Not allowed system call: runid:15989 CALLID:186 [133]
 TO FIX THIS , ask admin to add the CALLID into corresponding LANG_XXV[] located at okcalls32/64.h ,
and recompile judge_client. 
if you are admin and you don't know what to do ,
chinese explaination can be found on https://zhuanlan.zhihu.com/p/24498599

[ERROR] A Not allowed system call: runid:15989 CALLID:186 [5]
 TO FIX THIS , ask admin to add the CALLID into corresponding LANG_XXV[] located at okcalls32/64.h ,
and recompile judge_client. 
if you are admin and you don't know what to do ,
chinese explaination can be found on https://zhuanlan.zhihu.com/p/24498599

compile error
compile error
compile error
compile error
compile error
compile error
compile error
No such dir:/data/www/HGOJ-Deploy/home/judge/data/1535!

No such dir:/data/www/HGOJ-Deploy/home/judge/data/1535!

compile error
[ERROR] A Not allowed system call: runid:16186 CALLID:186 [133]
 TO FIX THIS , ask admin to add the CALLID into corresponding LANG_XXV[] located at okcalls32/64.h ,
and recompile judge_client. 
if you are admin and you don't know what to do ,
chinese explaination can be found on https://zhuanlan.zhihu.com/p/24498599

[ERROR] A Not allowed system call: runid:16186 CALLID:186 [5]
 TO FIX THIS , ask admin to add the CALLID into corresponding LANG_XXV[] located at okcalls32/64.h ,
and recompile judge_client. 
if you are admin and you don't know what to do ,
chinese explaination can be found on https://zhuanlan.zhihu.com/p/24498599

[ERROR] A Not allowed system call: runid:16187 CALLID:186 [133]
 TO FIX THIS , ask admin to add the CALLID into corresponding LANG_XXV[] located at okcalls32/64.h ,
and recompile judge_client. 
if you are admin and you don't know what to do ,
chinese explaination can be found on https://zhuanlan.zhihu.com/p/24498599

[ERROR] A Not allowed system call: runid:16187 CALLID:186 [5]
 TO FIX THIS , ask admin to add the CALLID into corresponding LANG_XXV[] located at okcalls32/64.h ,
and recompile judge_client. 
if you are admin and you don't know what to do ,
chinese explaination can be found on https://zhuanlan.zhihu.com/p/24498599

compile error
[ERROR] A Not allowed system call: runid:16193 CALLID:186 [133]
 TO FIX THIS , ask admin to add the CALLID into corresponding LANG_XXV[] located at okcalls32/64.h ,
and recompile judge_client. 
if you are admin and you don't know what to do ,
chinese explaination can be found on https://zhuanlan.zhihu.com/p/24498599

[ERROR] A Not allowed system call: runid:16193 CALLID:186 [5]
 TO FIX THIS , ask admin to add the CALLID into corresponding LANG_XXV[] located at okcalls32/64.h ,
and recompile judge_client. 
if you are admin and you don't know what to do ,
chinese explaination can be found on https://zhuanlan.zhihu.com/p/24498599

Lock wait timeout exceeded; try restarting transaction
Lock wait timeout exceeded; try restarting transaction
Lock wait timeout exceeded; try restarting transaction
Lock wait timeout exceeded; try restarting transaction
[ERROR] A Not allowed system call: runid:16200 CALLID:186 [133]
 TO FIX THIS , ask admin to add the CALLID into corresponding LANG_XXV[] located at okcalls32/64.h ,
and recompile judge_client. 
if you are admin and you don't know what to do ,
chinese explaination can be found on https://zhuanlan.zhihu.com/p/24498599

[ERROR] A Not allowed system call: runid:16200 CALLID:186 [5]
 TO FIX THIS , ask admin to add the CALLID into corresponding LANG_XXV[] located at okcalls32/64.h ,
and recompile judge_client. 
if you are admin and you don't know what to do ,
chinese explaination can be found on https://zhuanlan.zhihu.com/p/24498599

Lock wait timeout exceeded; try restarting transaction
Lock wait timeout exceeded; try restarting transaction
Lock wait timeout exceeded; try restarting transaction
[ERROR] A Not allowed system call: runid:16209 CALLID:186 [133]
 TO FIX THIS , ask admin to add the CALLID into corresponding LANG_XXV[] located at okcalls32/64.h ,
and recompile judge_client. 
if you are admin and you don't know what to do ,
chinese explaination can be found on https://zhuanlan.zhihu.com/p/24498599

[ERROR] A Not allowed system call: runid:16209 CALLID:186 [5]
 TO FIX THIS , ask admin to add the CALLID into corresponding LANG_XXV[] located at okcalls32/64.h ,
and recompile judge_client. 
if you are admin and you don't know what to do ,
chinese explaination can be found on https://zhuanlan.zhihu.com/p/24498599

[ERROR] A Not allowed system call: runid:16210 CALLID:186 [133]
 TO FIX THIS , ask admin to add the CALLID into corresponding LANG_XXV[] located at okcalls32/64.h ,
and recompile judge_client. 
if you are admin and you don't know what to do ,
chinese explaination can be found on https://zhuanlan.zhihu.com/p/24498599

[ERROR] A Not allowed system call: runid:16210 CALLID:186 [5]
 TO FIX THIS , ask admin to add the CALLID into corresponding LANG_XXV[] located at okcalls32/64.h ,
and recompile judge_client. 
if you are admin and you don't know what to do ,
chinese explaination can be found on https://zhuanlan.zhihu.com/p/24498599

compile error
compile error
compile error
compile error
compile error
compile error
compile error
compile error
Lock wait timeout exceeded; try restarting transaction
Lock wait timeout exceeded; try restarting transaction
Lock wait timeout exceeded; try restarting transaction
Lock wait timeout exceeded; try restarting transaction
Lock wait timeout exceeded; try restarting transaction
Lock wait timeout exceeded; try restarting transaction
Lock wait timeout exceeded; try restarting transaction
Lock wait timeout exceeded; try restarting transaction
Lock wait timeout exceeded; try restarting transaction
Lock wait timeout exceeded; try restarting transaction
Lock wait timeout exceeded; try restarting transaction
Lock wait timeout exceeded; try restarting transaction
Lock wait timeout exceeded; try restarting transaction
Lock wait timeout exceeded; try restarting transaction
Lock wait timeout exceeded; try restarting transaction
Lock wait timeout exceeded; try restarting transaction
Lock wait timeout exceeded; try restarting transaction
Lock wait timeout exceeded; try restarting transaction
Lock wait timeout exceeded; try restarting transaction
Lock wait timeout exceeded; try restarting transaction
Lock wait timeout exceeded; try restarting transaction
Lock wait timeout exceeded; try restarting transaction
Lock wait timeout exceeded; try restarting transaction
Lock wait timeout exceeded; try restarting transaction
Lock wait timeout exceeded; try restarting transaction
Lock wait timeout exceeded; try restarting transaction
Lock wait timeout exceeded; try restarting transaction
Lock wait timeout exceeded; try restarting transaction
compile error
compile error
compile error
compile error
compile error
compile error
compile error
compile error
compile error
compile error
compile error
compile error
compile error
compile error
compile error
compile error
compile error
compile error
compile error
Lock wait timeout exceeded; try restarting transaction
Lock wait timeout exceeded; try restarting transaction
Lock wait timeout exceeded; try restarting transaction
Lock wait timeout exceeded; try restarting transaction
Lock wait timeout exceeded; try restarting transaction
Lock wait timeout exceeded; try restarting transaction
Lock wait timeout exceeded; try restarting transaction
Lock wait timeout exceeded; try restarting transaction
Lock wait timeout exceeded; try restarting transaction
Lock wait timeout exceeded; try restarting transaction
Lock wait timeout exceeded; try restarting transaction
Lock wait timeout exceeded; try restarting transaction
Lock wait timeout exceeded; try restarting transaction
Lock wait timeout exceeded; try restarting transaction
Lock wait timeout exceeded; try restarting transaction
Lock wait timeout exceeded; try restarting transaction
Lock wait timeout exceeded; try restarting transaction
Lock wait timeout exceeded; try restarting transaction
Lock wait timeout exceeded; try restarting transaction
Lock wait timeout exceeded; try restarting transaction
Lock wait timeout exceeded; try restarting transaction
Lock wait timeout exceeded; try restarting transaction
Lock wait timeout exceeded; try restarting transaction
Lock wait timeout exceeded; try restarting transaction
Lock wait timeout exceeded; try restarting transaction
Lock wait timeout exceeded; try restarting transaction
compile error
compile error
compile error
compile error
compile error
compile error
compile error
compile error
compile error
Lock wait timeout exceeded; try restarting transaction
Lock wait timeout exceeded; try restarting transaction
Lock wait timeout exceeded; try restarting transaction
compile error
compile error
compile error
compile error
compile error
compile error
compile error
compile error
compile error
compile error
compile error
compile error
compile error
compile error
compile error
compile error
compile error
compile error
compile error
compile error
compile error
compile error
compile error
compile error
compile error
compile error
compile error
compile error
compile error
compile error
Lock wait timeout exceeded; try restarting transaction
Lock wait timeout exceeded; try restarting transaction
Lock wait timeout exceeded; try restarting transaction
compile error
Lock wait timeout exceeded; try restarting transaction
compile error
Lock wait timeout exceeded; try restarting transaction
Lock wait timeout exceeded; try restarting transaction
Lock wait timeout exceeded; try restarting transaction
Lock wait timeout exceeded; try restarting transaction
Lock wait timeout exceeded; try restarting transaction
Lock wait timeout exceeded; try restarting transaction
compile error
Lock wait timeout exceeded; try restarting transaction
compile error
compile error
compile error
Lock wait timeout exceeded; try restarting transaction
compile error
compile error
Lock wait timeout exceeded; try restarting transaction
Lock wait timeout exceeded; try restarting transaction
compile error
compile error
compile error
compile error
compile error
compile error
Lock wait timeout exceeded; try restarting transaction
compile error
compile error
compile error
compile error
compile error
compile error
Lock wait timeout exceeded; try restarting transaction
Lock wait timeout exceeded; try restarting transaction
Lock wait timeout exceeded; try restarting transaction
Lock wait timeout exceeded; try restarting transaction
compile error
Lock wait timeout exceeded; try restarting transaction
compile error
compile error
compile error
compile error
compile error
compile error
compile error
compile error
compile error
compile error
[ERROR] A Not allowed system call: runid:17489 CALLID:186 [133]
 TO FIX THIS , ask admin to add the CALLID into corresponding LANG_XXV[] located at okcalls32/64.h ,
and recompile judge_client. 
if you are admin and you don't know what to do ,
chinese explaination can be found on https://zhuanlan.zhihu.com/p/24498599

[ERROR] A Not allowed system call: runid:17489 CALLID:186 [5]
 TO FIX THIS , ask admin to add the CALLID into corresponding LANG_XXV[] located at okcalls32/64.h ,
and recompile judge_client. 
if you are admin and you don't know what to do ,
chinese explaination can be found on https://zhuanlan.zhihu.com/p/24498599

[ERROR] A Not allowed system call: runid:17489 CALLID:186 [133]
 TO FIX THIS , ask admin to add the CALLID into corresponding LANG_XXV[] located at okcalls32/64.h ,
and recompile judge_client. 
if you are admin and you don't know what to do ,
chinese explaination can be found on https://zhuanlan.zhihu.com/p/24498599

[ERROR] A Not allowed system call: runid:17489 CALLID:186 [5]
 TO FIX THIS , ask admin to add the CALLID into corresponding LANG_XXV[] located at okcalls32/64.h ,
and recompile judge_client. 
if you are admin and you don't know what to do ,
chinese explaination can be found on https://zhuanlan.zhihu.com/p/24498599

[ERROR] A Not allowed system call: runid:17489 CALLID:186 [133]
 TO FIX THIS , ask admin to add the CALLID into corresponding LANG_XXV[] located at okcalls32/64.h ,
and recompile judge_client. 
if you are admin and you don't know what to do ,
chinese explaination can be found on https://zhuanlan.zhihu.com/p/24498599

[ERROR] A Not allowed system call: runid:17489 CALLID:186 [5]
 TO FIX THIS , ask admin to add the CALLID into corresponding LANG_XXV[] located at okcalls32/64.h ,
and recompile judge_client. 
if you are admin and you don't know what to do ,
chinese explaination can be found on https://zhuanlan.zhihu.com/p/24498599

compile error
compile error
compile error
compile error
Lock wait timeout exceeded; try restarting transaction
Lock wait timeout exceeded; try restarting transaction
Lock wait timeout exceeded; try restarting transaction
Lock wait timeout exceeded; try restarting transaction
compile error
Lock wait timeout exceeded; try restarting transaction
compile error
compile error
compile error
compile error
compile error
compile error
compile error
compile error
compile error
compile error
compile error
compile error
compile error
compile error
compile error
compile error
compile error
compile error
compile error
compile error
compile error
compile error
compile error
compile error
compile error
compile error
compile error
compile error
compile error
compile error
compile error
compile error
compile error
compile error
compile error
compile error
compile error
compile error
Lock wait timeout exceeded; try restarting transaction
Lock wait timeout exceeded; try restarting transaction
Lock wait timeout exceeded; try restarting transaction
Lock wait timeout exceeded; try restarting transaction
Lock wait timeout exceeded; try restarting transaction
compile error
Lock wait timeout exceeded; try restarting transaction
Lock wait timeout exceeded; try restarting transaction
compile error
Lock wait timeout exceeded; try restarting transaction
Lock wait timeout exceeded; try restarting transaction
Lock wait timeout exceeded; try restarting transaction
Lock wait timeout exceeded; try restarting transaction
Lock wait timeout exceeded; try restarting transaction
Lock wait timeout exceeded; try restarting transaction
Lock wait timeout exceeded; try restarting transaction
Lock wait timeout exceeded; try restarting transaction
Lock wait timeout exceeded; try restarting transaction
Lock wait timeout exceeded; try restarting transaction
Lock wait timeout exceeded; try restarting transaction
compile error
Lock wait timeout exceeded; try restarting transaction
Lock wait timeout exceeded; try restarting transaction
compile error
compile error
compile error
compile error
compile error
compile error
compile error
compile error
[ERROR] A Not allowed system call: runid:17930 CALLID:186 [133]
 TO FIX THIS , ask admin to add the CALLID into corresponding LANG_XXV[] located at okcalls32/64.h ,
and recompile judge_client. 
if you are admin and you don't know what to do ,
chinese explaination can be found on https://zhuanlan.zhihu.com/p/24498599

[ERROR] A Not allowed system call: runid:17930 CALLID:186 [5]
 TO FIX THIS , ask admin to add the CALLID into corresponding LANG_XXV[] located at okcalls32/64.h ,
and recompile judge_client. 
if you are admin and you don't know what to do ,
chinese explaination can be found on https://zhuanlan.zhihu.com/p/24498599

[ERROR] A Not allowed system call: runid:17930 CALLID:186 [133]
 TO FIX THIS , ask admin to add the CALLID into corresponding LANG_XXV[] located at okcalls32/64.h ,
and recompile judge_client. 
if you are admin and you don't know what to do ,
chinese explaination can be found on https://zhuanlan.zhihu.com/p/24498599

[ERROR] A Not allowed system call: runid:17930 CALLID:186 [5]
 TO FIX THIS , ask admin to add the CALLID into corresponding LANG_XXV[] located at okcalls32/64.h ,
and recompile judge_client. 
if you are admin and you don't know what to do ,
chinese explaination can be found on https://zhuanlan.zhihu.com/p/24498599

[ERROR] A Not allowed system call: runid:17930 CALLID:186 [133]
 TO FIX THIS , ask admin to add the CALLID into corresponding LANG_XXV[] located at okcalls32/64.h ,
and recompile judge_client. 
if you are admin and you don't know what to do ,
chinese explaination can be found on https://zhuanlan.zhihu.com/p/24498599

[ERROR] A Not allowed system call: runid:17930 CALLID:186 [5]
 TO FIX THIS , ask admin to add the CALLID into corresponding LANG_XXV[] located at okcalls32/64.h ,
and recompile judge_client. 
if you are admin and you don't know what to do ,
chinese explaination can be found on https://zhuanlan.zhihu.com/p/24498599

[ERROR] A Not allowed system call: runid:17930 CALLID:186 [133]
 TO FIX THIS , ask admin to add the CALLID into corresponding LANG_XXV[] located at okcalls32/64.h ,
and recompile judge_client. 
if you are admin and you don't know what to do ,
chinese explaination can be found on https://zhuanlan.zhihu.com/p/24498599

[ERROR] A Not allowed system call: runid:17930 CALLID:186 [5]
 TO FIX THIS , ask admin to add the CALLID into corresponding LANG_XXV[] located at okcalls32/64.h ,
and recompile judge_client. 
if you are admin and you don't know what to do ,
chinese explaination can be found on https://zhuanlan.zhihu.com/p/24498599

[ERROR] A Not allowed system call: runid:17930 CALLID:186 [133]
 TO FIX THIS , ask admin to add the CALLID into corresponding LANG_XXV[] located at okcalls32/64.h ,
and recompile judge_client. 
if you are admin and you don't know what to do ,
chinese explaination can be found on https://zhuanlan.zhihu.com/p/24498599

[ERROR] A Not allowed system call: runid:17930 CALLID:186 [5]
 TO FIX THIS , ask admin to add the CALLID into corresponding LANG_XXV[] located at okcalls32/64.h ,
and recompile judge_client. 
if you are admin and you don't know what to do ,
chinese explaination can be found on https://zhuanlan.zhihu.com/p/24498599

[ERROR] A Not allowed system call: runid:17930 CALLID:186 [133]
 TO FIX THIS , ask admin to add the CALLID into corresponding LANG_XXV[] located at okcalls32/64.h ,
and recompile judge_client. 
if you are admin and you don't know what to do ,
chinese explaination can be found on https://zhuanlan.zhihu.com/p/24498599

[ERROR] A Not allowed system call: runid:17930 CALLID:186 [5]
 TO FIX THIS , ask admin to add the CALLID into corresponding LANG_XXV[] located at okcalls32/64.h ,
and recompile judge_client. 
if you are admin and you don't know what to do ,
chinese explaination can be found on https://zhuanlan.zhihu.com/p/24498599

[ERROR] A Not allowed system call: runid:17930 CALLID:186 [133]
 TO FIX THIS , ask admin to add the CALLID into corresponding LANG_XXV[] located at okcalls32/64.h ,
and recompile judge_client. 
if you are admin and you don't know what to do ,
chinese explaination can be found on https://zhuanlan.zhihu.com/p/24498599

[ERROR] A Not allowed system call: runid:17930 CALLID:186 [5]
 TO FIX THIS , ask admin to add the CALLID into corresponding LANG_XXV[] located at okcalls32/64.h ,
and recompile judge_client. 
if you are admin and you don't know what to do ,
chinese explaination can be found on https://zhuanlan.zhihu.com/p/24498599

compile error
compile error
compile error
compile error
compile error
compile error
compile error
compile error
compile error
compile error
compile error
compile error
compile error
compile error
compile error
compile error
compile error
compile error
compile error
compile error
compile error
compile error
compile error
compile error
compile error
compile error
compile error
compile error
compile error
compile error
compile error
compile error
compile error
compile error
compile error
compile error
compile error
compile error
compile error
compile error
compile error
compile error
compile error
compile error
compile error
compile error
compile error
compile error
compile error
compile error
compile error
compile error
compile error
compile error
compile error
compile error
compile error
compile error
compile error
compile error
compile error
compile error
compile error
compile error
compile error
compile error
compile error
compile error
compile error
compile error
compile error
compile error
[ERROR] A Not allowed system call: runid:18575 CALLID:186 [133]
 TO FIX THIS , ask admin to add the CALLID into corresponding LANG_XXV[] located at okcalls32/64.h ,
and recompile judge_client. 
if you are admin and you don't know what to do ,
chinese explaination can be found on https://zhuanlan.zhihu.com/p/24498599

[ERROR] A Not allowed system call: runid:18575 CALLID:186 [5]
 TO FIX THIS , ask admin to add the CALLID into corresponding LANG_XXV[] located at okcalls32/64.h ,
and recompile judge_client. 
if you are admin and you don't know what to do ,
chinese explaination can be found on https://zhuanlan.zhihu.com/p/24498599

[ERROR] A Not allowed system call: runid:18577 CALLID:186 [133]
 TO FIX THIS , ask admin to add the CALLID into corresponding LANG_XXV[] located at okcalls32/64.h ,
and recompile judge_client. 
if you are admin and you don't know what to do ,
chinese explaination can be found on https://zhuanlan.zhihu.com/p/24498599

[ERROR] A Not allowed system call: runid:18577 CALLID:186 [5]
 TO FIX THIS , ask admin to add the CALLID into corresponding LANG_XXV[] located at okcalls32/64.h ,
and recompile judge_client. 
if you are admin and you don't know what to do ,
chinese explaination can be found on https://zhuanlan.zhihu.com/p/24498599

compile error
compile error
[ERROR] A Not allowed system call: runid:18643 CALLID:186 [133]
 TO FIX THIS , ask admin to add the CALLID into corresponding LANG_XXV[] located at okcalls32/64.h ,
and recompile judge_client. 
if you are admin and you don't know what to do ,
chinese explaination can be found on https://zhuanlan.zhihu.com/p/24498599

[ERROR] A Not allowed system call: runid:18643 CALLID:186 [5]
 TO FIX THIS , ask admin to add the CALLID into corresponding LANG_XXV[] located at okcalls32/64.h ,
and recompile judge_client. 
if you are admin and you don't know what to do ,
chinese explaination can be found on https://zhuanlan.zhihu.com/p/24498599

[ERROR] A Not allowed system call: runid:18643 CALLID:186 [133]
 TO FIX THIS , ask admin to add the CALLID into corresponding LANG_XXV[] located at okcalls32/64.h ,
and recompile judge_client. 
if you are admin and you don't know what to do ,
chinese explaination can be found on https://zhuanlan.zhihu.com/p/24498599

[ERROR] A Not allowed system call: runid:18643 CALLID:186 [5]
 TO FIX THIS , ask admin to add the CALLID into corresponding LANG_XXV[] located at okcalls32/64.h ,
and recompile judge_client. 
if you are admin and you don't know what to do ,
chinese explaination can be found on https://zhuanlan.zhihu.com/p/24498599

compile error
compile error
compile error
compile error
compile error
compile error
compile error
compile error
compile error
compile error
compile error
compile error
compile error
compile error
[ERROR] A Not allowed system call: runid:18832 CALLID:186 [133]
 TO FIX THIS , ask admin to add the CALLID into corresponding LANG_XXV[] located at okcalls32/64.h ,
and recompile judge_client. 
if you are admin and you don't know what to do ,
chinese explaination can be found on https://zhuanlan.zhihu.com/p/24498599

[ERROR] A Not allowed system call: runid:18832 CALLID:186 [5]
 TO FIX THIS , ask admin to add the CALLID into corresponding LANG_XXV[] located at okcalls32/64.h ,
and recompile judge_client. 
if you are admin and you don't know what to do ,
chinese explaination can be found on https://zhuanlan.zhihu.com/p/24498599

[ERROR] A Not allowed system call: runid:18832 CALLID:186 [133]
 TO FIX THIS , ask admin to add the CALLID into corresponding LANG_XXV[] located at okcalls32/64.h ,
and recompile judge_client. 
if you are admin and you don't know what to do ,
chinese explaination can be found on https://zhuanlan.zhihu.com/p/24498599

[ERROR] A Not allowed system call: runid:18832 CALLID:186 [5]
 TO FIX THIS , ask admin to add the CALLID into corresponding LANG_XXV[] located at okcalls32/64.h ,
and recompile judge_client. 
if you are admin and you don't know what to do ,
chinese explaination can be found on https://zhuanlan.zhihu.com/p/24498599

[ERROR] A Not allowed system call: runid:18836 CALLID:186 [133]
 TO FIX THIS , ask admin to add the CALLID into corresponding LANG_XXV[] located at okcalls32/64.h ,
and recompile judge_client. 
if you are admin and you don't know what to do ,
chinese explaination can be found on https://zhuanlan.zhihu.com/p/24498599

[ERROR] A Not allowed system call: runid:18836 CALLID:186 [5]
 TO FIX THIS , ask admin to add the CALLID into corresponding LANG_XXV[] located at okcalls32/64.h ,
and recompile judge_client. 
if you are admin and you don't know what to do ,
chinese explaination can be found on https://zhuanlan.zhihu.com/p/24498599

[ERROR] A Not allowed system call: runid:18836 CALLID:186 [133]
 TO FIX THIS , ask admin to add the CALLID into corresponding LANG_XXV[] located at okcalls32/64.h ,
and recompile judge_client. 
if you are admin and you don't know what to do ,
chinese explaination can be found on https://zhuanlan.zhihu.com/p/24498599

[ERROR] A Not allowed system call: runid:18836 CALLID:186 [5]
 TO FIX THIS , ask admin to add the CALLID into corresponding LANG_XXV[] located at okcalls32/64.h ,
and recompile judge_client. 
if you are admin and you don't know what to do ,
chinese explaination can be found on https://zhuanlan.zhihu.com/p/24498599

[ERROR] A Not allowed system call: runid:18873 CALLID:186 [133]
 TO FIX THIS , ask admin to add the CALLID into corresponding LANG_XXV[] located at okcalls32/64.h ,
and recompile judge_client. 
if you are admin and you don't know what to do ,
chinese explaination can be found on https://zhuanlan.zhihu.com/p/24498599

[ERROR] A Not allowed system call: runid:18873 CALLID:186 [5]
 TO FIX THIS , ask admin to add the CALLID into corresponding LANG_XXV[] located at okcalls32/64.h ,
and recompile judge_client. 
if you are admin and you don't know what to do ,
chinese explaination can be found on https://zhuanlan.zhihu.com/p/24498599

compile error
compile error
compile error
compile error
compile error
compile error
compile error
compile error
compile error
compile error
compile error
compile error
compile error
compile error
[ERROR] A Not allowed system call: runid:19101 CALLID:186 [133]
 TO FIX THIS , ask admin to add the CALLID into corresponding LANG_XXV[] located at okcalls32/64.h ,
and recompile judge_client. 
if you are admin and you don't know what to do ,
chinese explaination can be found on https://zhuanlan.zhihu.com/p/24498599

[ERROR] A Not allowed system call: runid:19101 CALLID:186 [5]
 TO FIX THIS , ask admin to add the CALLID into corresponding LANG_XXV[] located at okcalls32/64.h ,
and recompile judge_client. 
if you are admin and you don't know what to do ,
chinese explaination can be found on https://zhuanlan.zhihu.com/p/24498599

[ERROR] A Not allowed system call: runid:19101 CALLID:186 [133]
 TO FIX THIS , ask admin to add the CALLID into corresponding LANG_XXV[] located at okcalls32/64.h ,
and recompile judge_client. 
if you are admin and you don't know what to do ,
chinese explaination can be found on https://zhuanlan.zhihu.com/p/24498599

[ERROR] A Not allowed system call: runid:19101 CALLID:186 [5]
 TO FIX THIS , ask admin to add the CALLID into corresponding LANG_XXV[] located at okcalls32/64.h ,
and recompile judge_client. 
if you are admin and you don't know what to do ,
chinese explaination can be found on https://zhuanlan.zhihu.com/p/24498599

[ERROR] A Not allowed system call: runid:19101 CALLID:186 [133]
 TO FIX THIS , ask admin to add the CALLID into corresponding LANG_XXV[] located at okcalls32/64.h ,
and recompile judge_client. 
if you are admin and you don't know what to do ,
chinese explaination can be found on https://zhuanlan.zhihu.com/p/24498599

[ERROR] A Not allowed system call: runid:19101 CALLID:186 [5]
 TO FIX THIS , ask admin to add the CALLID into corresponding LANG_XXV[] located at okcalls32/64.h ,
and recompile judge_client. 
if you are admin and you don't know what to do ,
chinese explaination can be found on https://zhuanlan.zhihu.com/p/24498599

[ERROR] A Not allowed system call: runid:19102 CALLID:186 [133]
 TO FIX THIS , ask admin to add the CALLID into corresponding LANG_XXV[] located at okcalls32/64.h ,
and recompile judge_client. 
if you are admin and you don't know what to do ,
chinese explaination can be found on https://zhuanlan.zhihu.com/p/24498599

[ERROR] A Not allowed system call: runid:19102 CALLID:186 [5]
 TO FIX THIS , ask admin to add the CALLID into corresponding LANG_XXV[] located at okcalls32/64.h ,
and recompile judge_client. 
if you are admin and you don't know what to do ,
chinese explaination can be found on https://zhuanlan.zhihu.com/p/24498599

[ERROR] A Not allowed system call: runid:19102 CALLID:186 [133]
 TO FIX THIS , ask admin to add the CALLID into corresponding LANG_XXV[] located at okcalls32/64.h ,
and recompile judge_client. 
if you are admin and you don't know what to do ,
chinese explaination can be found on https://zhuanlan.zhihu.com/p/24498599

[ERROR] A Not allowed system call: runid:19102 CALLID:186 [5]
 TO FIX THIS , ask admin to add the CALLID into corresponding LANG_XXV[] located at okcalls32/64.h ,
and recompile judge_client. 
if you are admin and you don't know what to do ,
chinese explaination can be found on https://zhuanlan.zhihu.com/p/24498599

[ERROR] A Not allowed system call: runid:19102 CALLID:186 [133]
 TO FIX THIS , ask admin to add the CALLID into corresponding LANG_XXV[] located at okcalls32/64.h ,
and recompile judge_client. 
if you are admin and you don't know what to do ,
chinese explaination can be found on https://zhuanlan.zhihu.com/p/24498599

[ERROR] A Not allowed system call: runid:19102 CALLID:186 [5]
 TO FIX THIS , ask admin to add the CALLID into corresponding LANG_XXV[] located at okcalls32/64.h ,
and recompile judge_client. 
if you are admin and you don't know what to do ,
chinese explaination can be found on https://zhuanlan.zhihu.com/p/24498599

[ERROR] A Not allowed system call: runid:19103 CALLID:186 [133]
 TO FIX THIS , ask admin to add the CALLID into corresponding LANG_XXV[] located at okcalls32/64.h ,
and recompile judge_client. 
if you are admin and you don't know what to do ,
chinese explaination can be found on https://zhuanlan.zhihu.com/p/24498599

[ERROR] A Not allowed system call: runid:19103 CALLID:186 [5]
 TO FIX THIS , ask admin to add the CALLID into corresponding LANG_XXV[] located at okcalls32/64.h ,
and recompile judge_client. 
if you are admin and you don't know what to do ,
chinese explaination can be found on https://zhuanlan.zhihu.com/p/24498599

[ERROR] A Not allowed system call: runid:19103 CALLID:186 [133]
 TO FIX THIS , ask admin to add the CALLID into corresponding LANG_XXV[] located at okcalls32/64.h ,
and recompile judge_client. 
if you are admin and you don't know what to do ,
chinese explaination can be found on https://zhuanlan.zhihu.com/p/24498599

[ERROR] A Not allowed system call: runid:19103 CALLID:186 [5]
 TO FIX THIS , ask admin to add the CALLID into corresponding LANG_XXV[] located at okcalls32/64.h ,
and recompile judge_client. 
if you are admin and you don't know what to do ,
chinese explaination can be found on https://zhuanlan.zhihu.com/p/24498599

[ERROR] A Not allowed system call: runid:19103 CALLID:186 [133]
 TO FIX THIS , ask admin to add the CALLID into corresponding LANG_XXV[] located at okcalls32/64.h ,
and recompile judge_client. 
if you are admin and you don't know what to do ,
chinese explaination can be found on https://zhuanlan.zhihu.com/p/24498599

[ERROR] A Not allowed system call: runid:19103 CALLID:186 [5]
 TO FIX THIS , ask admin to add the CALLID into corresponding LANG_XXV[] located at okcalls32/64.h ,
and recompile judge_client. 
if you are admin and you don't know what to do ,
chinese explaination can be found on https://zhuanlan.zhihu.com/p/24498599

[ERROR] A Not allowed system call: runid:19105 CALLID:186 [133]
 TO FIX THIS , ask admin to add the CALLID into corresponding LANG_XXV[] located at okcalls32/64.h ,
and recompile judge_client. 
if you are admin and you don't know what to do ,
chinese explaination can be found on https://zhuanlan.zhihu.com/p/24498599

[ERROR] A Not allowed system call: runid:19105 CALLID:186 [5]
 TO FIX THIS , ask admin to add the CALLID into corresponding LANG_XXV[] located at okcalls32/64.h ,
and recompile judge_client. 
if you are admin and you don't know what to do ,
chinese explaination can be found on https://zhuanlan.zhihu.com/p/24498599

[ERROR] A Not allowed system call: runid:19105 CALLID:186 [133]
 TO FIX THIS , ask admin to add the CALLID into corresponding LANG_XXV[] located at okcalls32/64.h ,
and recompile judge_client. 
if you are admin and you don't know what to do ,
chinese explaination can be found on https://zhuanlan.zhihu.com/p/24498599

[ERROR] A Not allowed system call: runid:19105 CALLID:186 [5]
 TO FIX THIS , ask admin to add the CALLID into corresponding LANG_XXV[] located at okcalls32/64.h ,
and recompile judge_client. 
if you are admin and you don't know what to do ,
chinese explaination can be found on https://zhuanlan.zhihu.com/p/24498599

[ERROR] A Not allowed system call: runid:19105 CALLID:186 [133]
 TO FIX THIS , ask admin to add the CALLID into corresponding LANG_XXV[] located at okcalls32/64.h ,
and recompile judge_client. 
if you are admin and you don't know what to do ,
chinese explaination can be found on https://zhuanlan.zhihu.com/p/24498599

[ERROR] A Not allowed system call: runid:19105 CALLID:186 [5]
 TO FIX THIS , ask admin to add the CALLID into corresponding LANG_XXV[] located at okcalls32/64.h ,
and recompile judge_client. 
if you are admin and you don't know what to do ,
chinese explaination can be found on https://zhuanlan.zhihu.com/p/24498599

compile error
compile error
compile error
compile error
compile error
compile error
compile error
compile error
compile error
compile error
compile error
compile error
compile error
compile error
compile error
compile error
compile error
compile error
compile error
compile error
compile error
compile error
compile error
[ERROR] A Not allowed system call: runid:19485 CALLID:186 [133]
 TO FIX THIS , ask admin to add the CALLID into corresponding LANG_XXV[] located at okcalls32/64.h ,
and recompile judge_client. 
if you are admin and you don't know what to do ,
chinese explaination can be found on https://zhuanlan.zhihu.com/p/24498599

[ERROR] A Not allowed system call: runid:19485 CALLID:186 [5]
 TO FIX THIS , ask admin to add the CALLID into corresponding LANG_XXV[] located at okcalls32/64.h ,
and recompile judge_client. 
if you are admin and you don't know what to do ,
chinese explaination can be found on https://zhuanlan.zhihu.com/p/24498599

[ERROR] A Not allowed system call: runid:19487 CALLID:186 [133]
 TO FIX THIS , ask admin to add the CALLID into corresponding LANG_XXV[] located at okcalls32/64.h ,
and recompile judge_client. 
if you are admin and you don't know what to do ,
chinese explaination can be found on https://zhuanlan.zhihu.com/p/24498599

[ERROR] A Not allowed system call: runid:19487 CALLID:186 [5]
 TO FIX THIS , ask admin to add the CALLID into corresponding LANG_XXV[] located at okcalls32/64.h ,
and recompile judge_client. 
if you are admin and you don't know what to do ,
chinese explaination can be found on https://zhuanlan.zhihu.com/p/24498599

[ERROR] A Not allowed system call: runid:19490 CALLID:186 [133]
 TO FIX THIS , ask admin to add the CALLID into corresponding LANG_XXV[] located at okcalls32/64.h ,
and recompile judge_client. 
if you are admin and you don't know what to do ,
chinese explaination can be found on https://zhuanlan.zhihu.com/p/24498599

[ERROR] A Not allowed system call: runid:19490 CALLID:186 [5]
 TO FIX THIS , ask admin to add the CALLID into corresponding LANG_XXV[] located at okcalls32/64.h ,
and recompile judge_client. 
if you are admin and you don't know what to do ,
chinese explaination can be found on https://zhuanlan.zhihu.com/p/24498599

compile error
compile error
compile error
compile error
compile error
compile error
[ERROR] A Not allowed system call: runid:19634 CALLID:186 [133]
 TO FIX THIS , ask admin to add the CALLID into corresponding LANG_XXV[] located at okcalls32/64.h ,
and recompile judge_client. 
if you are admin and you don't know what to do ,
chinese explaination can be found on https://zhuanlan.zhihu.com/p/24498599

[ERROR] A Not allowed system call: runid:19634 CALLID:186 [5]
 TO FIX THIS , ask admin to add the CALLID into corresponding LANG_XXV[] located at okcalls32/64.h ,
and recompile judge_client. 
if you are admin and you don't know what to do ,
chinese explaination can be found on https://zhuanlan.zhihu.com/p/24498599

[ERROR] A Not allowed system call: runid:19634 CALLID:186 [133]
 TO FIX THIS , ask admin to add the CALLID into corresponding LANG_XXV[] located at okcalls32/64.h ,
and recompile judge_client. 
if you are admin and you don't know what to do ,
chinese explaination can be found on https://zhuanlan.zhihu.com/p/24498599

[ERROR] A Not allowed system call: runid:19634 CALLID:186 [5]
 TO FIX THIS , ask admin to add the CALLID into corresponding LANG_XXV[] located at okcalls32/64.h ,
and recompile judge_client. 
if you are admin and you don't know what to do ,
chinese explaination can be found on https://zhuanlan.zhihu.com/p/24498599

[ERROR] A Not allowed system call: runid:19634 CALLID:186 [133]
 TO FIX THIS , ask admin to add the CALLID into corresponding LANG_XXV[] located at okcalls32/64.h ,
and recompile judge_client. 
if you are admin and you don't know what to do ,
chinese explaination can be found on https://zhuanlan.zhihu.com/p/24498599

[ERROR] A Not allowed system call: runid:19634 CALLID:186 [5]
 TO FIX THIS , ask admin to add the CALLID into corresponding LANG_XXV[] located at okcalls32/64.h ,
and recompile judge_client. 
if you are admin and you don't know what to do ,
chinese explaination can be found on https://zhuanlan.zhihu.com/p/24498599

[ERROR] A Not allowed system call: runid:19634 CALLID:186 [133]
 TO FIX THIS , ask admin to add the CALLID into corresponding LANG_XXV[] located at okcalls32/64.h ,
and recompile judge_client. 
if you are admin and you don't know what to do ,
chinese explaination can be found on https://zhuanlan.zhihu.com/p/24498599

[ERROR] A Not allowed system call: runid:19634 CALLID:186 [5]
 TO FIX THIS , ask admin to add the CALLID into corresponding LANG_XXV[] located at okcalls32/64.h ,
and recompile judge_client. 
if you are admin and you don't know what to do ,
chinese explaination can be found on https://zhuanlan.zhihu.com/p/24498599

[ERROR] A Not allowed system call: runid:19634 CALLID:186 [133]
 TO FIX THIS , ask admin to add the CALLID into corresponding LANG_XXV[] located at okcalls32/64.h ,
and recompile judge_client. 
if you are admin and you don't know what to do ,
chinese explaination can be found on https://zhuanlan.zhihu.com/p/24498599

[ERROR] A Not allowed system call: runid:19634 CALLID:186 [5]
 TO FIX THIS , ask admin to add the CALLID into corresponding LANG_XXV[] located at okcalls32/64.h ,
and recompile judge_client. 
if you are admin and you don't know what to do ,
chinese explaination can be found on https://zhuanlan.zhihu.com/p/24498599

compile error
compile error
compile error
compile error
compile error
compile error
compile error
compile error
compile error
compile error
compile error
compile error
compile error
compile error
compile error
compile error
compile error
[ERROR] A Not allowed system call: runid:20127 CALLID:186 [133]
 TO FIX THIS , ask admin to add the CALLID into corresponding LANG_XXV[] located at okcalls32/64.h ,
and recompile judge_client. 
if you are admin and you don't know what to do ,
chinese explaination can be found on https://zhuanlan.zhihu.com/p/24498599

[ERROR] A Not allowed system call: runid:20127 CALLID:186 [5]
 TO FIX THIS , ask admin to add the CALLID into corresponding LANG_XXV[] located at okcalls32/64.h ,
and recompile judge_client. 
if you are admin and you don't know what to do ,
chinese explaination can be found on https://zhuanlan.zhihu.com/p/24498599

compile error
compile error
compile error
compile error
compile error
SSL connection error: error:1425F102:SSL routines:ssl_choose_client_version:unsupported protocol
MySQL server has gone away
SSL connection error: error:1425F102:SSL routines:ssl_choose_client_version:unsupported protocol
MySQL server has gone away
SSL connection error: error:1425F102:SSL routines:ssl_choose_client_version:unsupported protocol
SSL connection error: error:1425F102:SSL routines:ssl_choose_client_version:unsupported protocol
MySQL server has gone away
SSL connection error: error:1425F102:SSL routines:ssl_choose_client_version:unsupported protocol
MySQL server has gone away
Judging solution 20270
<<=sid=20270===clientid=0==>>

Judging solution 20271
<<=sid=20271===clientid=0==>>

<<1done!>>
Judging solution 20272
<<=sid=20272===clientid=0==>>

<<1done!>>
Judging solution 20273
<<1done!>>
<<=sid=20273===clientid=0==>>

Judging solution 20274
<<=sid=20274===clientid=0==>>

<<1done!>>
Judging solution 20275
<<=sid=20275===clientid=0==>>

<<1done!>>
Judging solution 20276
<<=sid=20276===clientid=0==>>

<<1done!>>
<<1done!>>
Judging solution 20277
<<=sid=20277===clientid=0==>>

compile error
compile error
compile error
compile error
compile error
compile error
compile error
compile error
compile error
compile error
compile error
compile error
compile error
compile error
compile error
compile error
compile error
compile error
compile error
compile error
compile error
compile error
compile error
compile error
[ERROR] A Not allowed system call: runid:20643 CALLID:39 [133]
 TO FIX THIS , ask admin to add the CALLID into corresponding LANG_XXV[] located at okcalls32/64.h ,
and recompile judge_client. 
if you are admin and you don't know what to do ,
chinese explaination can be found on https://zhuanlan.zhihu.com/p/24498599

[ERROR] A Not allowed system call: runid:20643 CALLID:39 [5]
 TO FIX THIS , ask admin to add the CALLID into corresponding LANG_XXV[] located at okcalls32/64.h ,
and recompile judge_client. 
if you are admin and you don't know what to do ,
chinese explaination can be found on https://zhuanlan.zhihu.com/p/24498599

[ERROR] A Not allowed system call: runid:20644 CALLID:39 [133]
 TO FIX THIS , ask admin to add the CALLID into corresponding LANG_XXV[] located at okcalls32/64.h ,
and recompile judge_client. 
if you are admin and you don't know what to do ,
chinese explaination can be found on https://zhuanlan.zhihu.com/p/24498599

[ERROR] A Not allowed system call: runid:20644 CALLID:39 [5]
 TO FIX THIS , ask admin to add the CALLID into corresponding LANG_XXV[] located at okcalls32/64.h ,
and recompile judge_client. 
if you are admin and you don't know what to do ,
chinese explaination can be found on https://zhuanlan.zhihu.com/p/24498599

compile error
compile error
compile error
compile error
compile error
compile error
compile error
compile error
compile error
compile error
